<?xml version="1.0" encoding="UTF-8"?>
<testsuite xmlns:xsi="http://www.w3.org/2001/XMLSchema-instance" xsi:noNamespaceSchemaLocation="https://maven.apache.org/surefire/maven-surefire-plugin/xsd/surefire-test-report.xsd" version="3.0.2" name="com.saberpro.SaberproApplicationTests" time="16.912" tests="2" errors="0" skipped="0" failures="0">
  <properties>
[...]
</properties>
  <testcase name="testRenderResultadosWeb" classname="com.saberpro.SaberproApplicationTests" time="5.511">
    <system-out><![CDATA[19:38:36.811 [main] INFO org.springframework.test.context.support.AnnotationConfigContextLoaderUtils -- Could not detect default configuration classes for test class [com.saberpro.SaberproApplicationTests]: SaberproApplicationTests does not declare any static, non-private, non-final, nested classes annotated with @Configuration.
19:38:36.935 [main] INFO org.springframework.boot.test.context.SpringBootTestContextBootstrapper -- Found @SpringBootConfiguration com.saberpro.SaberProApplication for test class com.saberpro.SaberproApplicationTests
19:38:37.118 [main] INFO org.springframework.boot.devtools.restart.RestartApplicationListener -- Restart disabled due to context in which it is running

  .   ____          _            __ _ _
 /\\ / ___'_ __ _ _(_)_ __  __ _ \ \ \ \
( ( )\___ | '_ | '_| | '_ \/ _` | \ \ \ \
 \\/  ___)| |_)| | | | | || (_| |  ) ) ) )
  '  |____| .__|_| |_|_| |_\__, | / / / /
 =========|_|==============|___/=/_/_/_/

 :: Spring Boot ::                (v3.4.1)

2026-06-11T19:38:37.393-05:00  INFO 10688 --- [Saber Pro] [           main] com.saberpro.SaberproApplicationTests    : Starting SaberproApplicationTests using Java 23.0.2 with PID 10688 (started by steven in D:\TRABAJOS SPRINGBOOT\SABERPRO)
2026-06-11T19:38:37.393-05:00  INFO 10688 --- [Saber Pro] [           main] com.saberpro.SaberproApplicationTests    : No active profile set, falling back to 1 default profile: "default"
2026-06-11T19:38:38.150-05:00  INFO 10688 --- [Saber Pro] [           main] .s.d.r.c.RepositoryConfigurationDelegate : Bootstrapping Spring Data JPA repositories in DEFAULT mode.
2026-06-11T19:38:38.251-05:00  INFO 10688 --- [Saber Pro] [           main] .s.d.r.c.RepositoryConfigurationDelegate : Finished Spring Data repository scanning in 90 ms. Found 8 JPA repository interfaces.
2026-06-11T19:38:38.743-05:00  INFO 10688 --- [Saber Pro] [           main] o.hibernate.jpa.internal.util.LogHelper  : HHH000204: Processing PersistenceUnitInfo [name: default]
2026-06-11T19:38:38.805-05:00  INFO 10688 --- [Saber Pro] [           main] org.hibernate.Version                    : HHH000412: Hibernate ORM core version 6.6.4.Final
2026-06-11T19:38:38.843-05:00  INFO 10688 --- [Saber Pro] [           main] o.h.c.internal.RegionFactoryInitiator    : HHH000026: Second-level cache disabled
2026-06-11T19:38:39.189-05:00  INFO 10688 --- [Saber Pro] [           main] o.s.o.j.p.SpringPersistenceUnitInfo      : No LoadTimeWeaver setup: ignoring JPA class transformer
2026-06-11T19:38:39.218-05:00  INFO 10688 --- [Saber Pro] [           main] com.zaxxer.hikari.HikariDataSource       : HikariPool-1 - Starting...
2026-06-11T19:38:40.255-05:00  INFO 10688 --- [Saber Pro] [           main] com.zaxxer.hikari.pool.HikariPool        : HikariPool-1 - Added connection com.mysql.cj.jdbc.ConnectionImpl@126a9a3d
2026-06-11T19:38:40.256-05:00  INFO 10688 --- [Saber Pro] [           main] com.zaxxer.hikari.HikariDataSource       : HikariPool-1 - Start completed.
2026-06-11T19:38:40.496-05:00  WARN 10688 --- [Saber Pro] [           main] org.hibernate.orm.deprecation            : HHH90000025: MySQLDialect does not need to be specified explicitly using 'hibernate.dialect' (remove the property setting and it will be selected by default)
2026-06-11T19:38:40.513-05:00  INFO 10688 --- [Saber Pro] [           main] org.hibernate.orm.connections.pooling    : HHH10001005: Database info:
	Database JDBC URL [Connecting through datasource 'HikariDataSource (HikariPool-1)']
	Database driver: undefined/unknown
	Database version: 8.4.2
	Autocommit mode: undefined/unknown
	Isolation level: undefined/unknown
	Minimum pool size: undefined/unknown
	Maximum pool size: undefined/unknown
2026-06-11T19:38:41.540-05:00  INFO 10688 --- [Saber Pro] [           main] o.h.e.t.j.p.i.JtaPlatformInitiator       : HHH000489: No JTA platform available (set 'hibernate.transaction.jta.platform' to enable JTA platform integration)
Hibernate: 
    alter table notas 
       modify column tipo_examen varchar(255) not null
2026-06-11T19:38:44.192-05:00  INFO 10688 --- [Saber Pro] [           main] j.LocalContainerEntityManagerFactoryBean : Initialized JPA EntityManagerFactory for persistence unit 'default'
2026-06-11T19:38:44.578-05:00  INFO 10688 --- [Saber Pro] [           main] o.s.d.j.r.query.QueryEnhancerFactory     : Hibernate is in classpath; If applicable, HQL parser will be used.
2026-06-11T19:38:45.418-05:00  WARN 10688 --- [Saber Pro] [           main] JpaBaseConfiguration$JpaWebConfiguration : spring.jpa.open-in-view is enabled by default. Therefore, database queries may be performed during view rendering. Explicitly configure spring.jpa.open-in-view to disable this warning
2026-06-11T19:38:45.437-05:00  INFO 10688 --- [Saber Pro] [           main] r$InitializeUserDetailsManagerConfigurer : Global AuthenticationManager configured with UserDetailsService bean with name customUserDetailsService
2026-06-11T19:38:46.072-05:00  INFO 10688 --- [Saber Pro] [           main] o.s.b.t.m.w.SpringBootMockServletContext : Initializing Spring TestDispatcherServlet ''
2026-06-11T19:38:46.073-05:00  INFO 10688 --- [Saber Pro] [           main] o.s.t.web.servlet.TestDispatcherServlet  : Initializing Servlet ''
2026-06-11T19:38:46.075-05:00  INFO 10688 --- [Saber Pro] [           main] o.s.t.web.servlet.TestDispatcherServlet  : Completed initialization in 2 ms
2026-06-11T19:38:46.100-05:00  INFO 10688 --- [Saber Pro] [           main] com.saberpro.SaberproApplicationTests    : Started SaberproApplicationTests in 8.994 seconds (process running for 10.085)
=== DB MIGRATION: formulario_especifico default aplicado ===
=== DB MIGRATION: tipo_examen default aplicado ===
Hibernate: 
    select
        u1_0.id,
        u1_0.cedula,
        u1_0.codigo,
        u1_0.correo,
        u1_0.facultad_id,
        u1_0.nombre,
        u1_0.password,
        u1_0.rol 
    from
        usuarios u1_0
Hibernate: 
    select
        f1_0.id,
        f1_0.codigo,
        f1_0.nombre 
    from
        facultades f1_0 
    where
        f1_0.id=?
Hibernate: 
    select
        count(*) 
    from
        usuarios u1_0
2026-06-11T19:38:48.423-05:00  INFO 10688 --- [Saber Pro] [           main] o.s.b.t.m.w.SpringBootMockServletContext : Initializing Spring TestDispatcherServlet ''
2026-06-11T19:38:48.423-05:00  INFO 10688 --- [Saber Pro] [           main] o.s.t.web.servlet.TestDispatcherServlet  : Initializing Servlet ''
2026-06-11T19:38:48.424-05:00  INFO 10688 --- [Saber Pro] [           main] o.s.t.web.servlet.TestDispatcherServlet  : Completed initialization in 1 ms
Hibernate: 
    select
        a1_0.id,
        a1_0.cedula,
        a1_0.codigo,
        a1_0.correo,
        a1_0.estado,
        a1_0.facultad_id,
        a1_0.nombre,
        a1_0.programa,
        a1_0.semestre 
    from
        alumnos a1_0
Hibernate: 
    select
        f1_0.id,
        f1_0.codigo,
        f1_0.nombre 
    from
        facultades f1_0 
    where
        f1_0.id=?
Hibernate: 
    select
        n1_0.id,
        n1_0.alumno_id,
        a1_0.id,
        a1_0.cedula,
        a1_0.codigo,
        a1_0.correo,
        a1_0.estado,
        a1_0.facultad_id,
        f1_0.id,
        f1_0.codigo,
        f1_0.nombre,
        a1_0.nombre,
        a1_0.programa,
        a1_0.semestre,
        n1_0.competencias_ciudadanas,
        n1_0.comunicacion_escrita,
        n1_0.diseno_software,
        n1_0.formulacion_proyectos,
        n1_0.ingles,
        n1_0.lectura_critica,
        n1_0.nivel_competencias_ciudadanas,
        n1_0.nivel_comunicacion_escrita,
        n1_0.nivel_diseno_software,
        n1_0.nivel_formulacion_proyectos,
        n1_0.nivel_ingles,
        n1_0.nivel_ingles_cefr,
        n1_0.nivel_lectura_critica,
        n1_0.nivel_pensamiento_cientifico,
        n1_0.nivel_razonamiento_cuantitativo,
        n1_0.nivel_saber_pro,
        n1_0.pensamiento_cientifico,
        n1_0.publicado,
        n1_0.puntaje_global,
        n1_0.razonamiento_cuantitativo,
        n1_0.tipo_examen 
    from
        notas n1_0 
    join
        alumnos a1_0 
            on a1_0.id=n1_0.alumno_id 
    join
        facultades f1_0 
            on f1_0.id=a1_0.facultad_id 
    where
        n1_0.alumno_id=?
Hibernate: 
    select
        n1_0.id,
        n1_0.alumno_id,
        a1_0.id,
        a1_0.cedula,
        a1_0.codigo,
        a1_0.correo,
        a1_0.estado,
        a1_0.facultad_id,
        f1_0.id,
        f1_0.codigo,
        f1_0.nombre,
        a1_0.nombre,
        a1_0.programa,
        a1_0.semestre,
        n1_0.competencias_ciudadanas,
        n1_0.comunicacion_escrita,
        n1_0.diseno_software,
        n1_0.formulacion_proyectos,
        n1_0.ingles,
        n1_0.lectura_critica,
        n1_0.nivel_competencias_ciudadanas,
        n1_0.nivel_comunicacion_escrita,
        n1_0.nivel_diseno_software,
        n1_0.nivel_formulacion_proyectos,
        n1_0.nivel_ingles,
        n1_0.nivel_ingles_cefr,
        n1_0.nivel_lectura_critica,
        n1_0.nivel_pensamiento_cientifico,
        n1_0.nivel_razonamiento_cuantitativo,
        n1_0.nivel_saber_pro,
        n1_0.pensamiento_cientifico,
        n1_0.publicado,
        n1_0.puntaje_global,
        n1_0.razonamiento_cuantitativo,
        n1_0.tipo_examen 
    from
        notas n1_0 
    join
        alumnos a1_0 
            on a1_0.id=n1_0.alumno_id 
    join
        facultades f1_0 
            on f1_0.id=a1_0.facultad_id 
    where
        n1_0.alumno_id=?
Hibernate: 
    select
        n1_0.id,
        n1_0.alumno_id,
        a1_0.id,
        a1_0.cedula,
        a1_0.codigo,
        a1_0.correo,
        a1_0.estado,
        a1_0.facultad_id,
        f1_0.id,
        f1_0.codigo,
        f1_0.nombre,
        a1_0.nombre,
        a1_0.programa,
        a1_0.semestre,
        n1_0.competencias_ciudadanas,
        n1_0.comunicacion_escrita,
        n1_0.diseno_software,
        n1_0.formulacion_proyectos,
        n1_0.ingles,
        n1_0.lectura_critica,
        n1_0.nivel_competencias_ciudadanas,
        n1_0.nivel_comunicacion_escrita,
        n1_0.nivel_diseno_software,
        n1_0.nivel_formulacion_proyectos,
        n1_0.nivel_ingles,
        n1_0.nivel_ingles_cefr,
        n1_0.nivel_lectura_critica,
        n1_0.nivel_pensamiento_cientifico,
        n1_0.nivel_razonamiento_cuantitativo,
        n1_0.nivel_saber_pro,
        n1_0.pensamiento_cientifico,
        n1_0.publicado,
        n1_0.puntaje_global,
        n1_0.razonamiento_cuantitativo,
        n1_0.tipo_examen 
    from
        notas n1_0 
    join
        alumnos a1_0 
            on a1_0.id=n1_0.alumno_id 
    join
        facultades f1_0 
            on f1_0.id=a1_0.facultad_id 
    where
        n1_0.alumno_id=?
Hibernate: 
    select
        n1_0.id,
        n1_0.alumno_id,
        a1_0.id,
        a1_0.cedula,
        a1_0.codigo,
        a1_0.correo,
        a1_0.estado,
        a1_0.facultad_id,
        f1_0.id,
        f1_0.codigo,
        f1_0.nombre,
        a1_0.nombre,
        a1_0.programa,
        a1_0.semestre,
        n1_0.competencias_ciudadanas,
        n1_0.comunicacion_escrita,
        n1_0.diseno_software,
        n1_0.formulacion_proyectos,
        n1_0.ingles,
        n1_0.lectura_critica,
        n1_0.nivel_competencias_ciudadanas,
        n1_0.nivel_comunicacion_escrita,
        n1_0.nivel_diseno_software,
        n1_0.nivel_formulacion_proyectos,
        n1_0.nivel_ingles,
        n1_0.nivel_ingles_cefr,
        n1_0.nivel_lectura_critica,
        n1_0.nivel_pensamiento_cientifico,
        n1_0.nivel_razonamiento_cuantitativo,
        n1_0.nivel_saber_pro,
        n1_0.pensamiento_cientifico,
        n1_0.publicado,
        n1_0.puntaje_global,
        n1_0.razonamiento_cuantitativo,
        n1_0.tipo_examen 
    from
        notas n1_0 
    join
        alumnos a1_0 
            on a1_0.id=n1_0.alumno_id 
    join
        facultades f1_0 
            on f1_0.id=a1_0.facultad_id 
    where
        n1_0.alumno_id=?
Hibernate: 
    select
        n1_0.id,
        n1_0.alumno_id,
        a1_0.id,
        a1_0.cedula,
        a1_0.codigo,
        a1_0.correo,
        a1_0.estado,
        a1_0.facultad_id,
        f1_0.id,
        f1_0.codigo,
        f1_0.nombre,
        a1_0.nombre,
        a1_0.programa,
        a1_0.semestre,
        n1_0.competencias_ciudadanas,
        n1_0.comunicacion_escrita,
        n1_0.diseno_software,
        n1_0.formulacion_proyectos,
        n1_0.ingles,
        n1_0.lectura_critica,
        n1_0.nivel_competencias_ciudadanas,
        n1_0.nivel_comunicacion_escrita,
        n1_0.nivel_diseno_software,
        n1_0.nivel_formulacion_proyectos,
        n1_0.nivel_ingles,
        n1_0.nivel_ingles_cefr,
        n1_0.nivel_lectura_critica,
        n1_0.nivel_pensamiento_cientifico,
        n1_0.nivel_razonamiento_cuantitativo,
        n1_0.nivel_saber_pro,
        n1_0.pensamiento_cientifico,
        n1_0.publicado,
        n1_0.puntaje_global,
        n1_0.razonamiento_cuantitativo,
        n1_0.tipo_examen 
    from
        notas n1_0 
    join
        alumnos a1_0 
            on a1_0.id=n1_0.alumno_id 
    join
        facultades f1_0 
            on f1_0.id=a1_0.facultad_id 
    where
        n1_0.alumno_id=?
Hibernate: 
    select
        n1_0.id,
        n1_0.alumno_id,
        a1_0.id,
        a1_0.cedula,
        a1_0.codigo,
        a1_0.correo,
        a1_0.estado,
        a1_0.facultad_id,
        f1_0.id,
        f1_0.codigo,
        f1_0.nombre,
        a1_0.nombre,
        a1_0.programa,
        a1_0.semestre,
        n1_0.competencias_ciudadanas,
        n1_0.comunicacion_escrita,
        n1_0.diseno_software,
        n1_0.formulacion_proyectos,
        n1_0.ingles,
        n1_0.lectura_critica,
        n1_0.nivel_competencias_ciudadanas,
        n1_0.nivel_comunicacion_escrita,
        n1_0.nivel_diseno_software,
        n1_0.nivel_formulacion_proyectos,
        n1_0.nivel_ingles,
        n1_0.nivel_ingles_cefr,
        n1_0.nivel_lectura_critica,
        n1_0.nivel_pensamiento_cientifico,
        n1_0.nivel_razonamiento_cuantitativo,
        n1_0.nivel_saber_pro,
        n1_0.pensamiento_cientifico,
        n1_0.publicado,
        n1_0.puntaje_global,
        n1_0.razonamiento_cuantitativo,
        n1_0.tipo_examen 
    from
        notas n1_0 
    join
        alumnos a1_0 
            on a1_0.id=n1_0.alumno_id 
    join
        facultades f1_0 
            on f1_0.id=a1_0.facultad_id 
    where
        n1_0.alumno_id=?
Hibernate: 
    select
        n1_0.id,
        n1_0.alumno_id,
        a1_0.id,
        a1_0.cedula,
        a1_0.codigo,
        a1_0.correo,
        a1_0.estado,
        a1_0.facultad_id,
        f1_0.id,
        f1_0.codigo,
        f1_0.nombre,
        a1_0.nombre,
        a1_0.programa,
        a1_0.semestre,
        n1_0.competencias_ciudadanas,
        n1_0.comunicacion_escrita,
        n1_0.diseno_software,
        n1_0.formulacion_proyectos,
        n1_0.ingles,
        n1_0.lectura_critica,
        n1_0.nivel_competencias_ciudadanas,
        n1_0.nivel_comunicacion_escrita,
        n1_0.nivel_diseno_software,
        n1_0.nivel_formulacion_proyectos,
        n1_0.nivel_ingles,
        n1_0.nivel_ingles_cefr,
        n1_0.nivel_lectura_critica,
        n1_0.nivel_pensamiento_cientifico,
        n1_0.nivel_razonamiento_cuantitativo,
        n1_0.nivel_saber_pro,
        n1_0.pensamiento_cientifico,
        n1_0.publicado,
        n1_0.puntaje_global,
        n1_0.razonamiento_cuantitativo,
        n1_0.tipo_examen 
    from
        notas n1_0 
    join
        alumnos a1_0 
            on a1_0.id=n1_0.alumno_id 
    join
        facultades f1_0 
            on f1_0.id=a1_0.facultad_id 
    where
        n1_0.alumno_id=?
Hibernate: 
    select
        n1_0.id,
        n1_0.alumno_id,
        a1_0.id,
        a1_0.cedula,
        a1_0.codigo,
        a1_0.correo,
        a1_0.estado,
        a1_0.facultad_id,
        f1_0.id,
        f1_0.codigo,
        f1_0.nombre,
        a1_0.nombre,
        a1_0.programa,
        a1_0.semestre,
        n1_0.competencias_ciudadanas,
        n1_0.comunicacion_escrita,
        n1_0.diseno_software,
        n1_0.formulacion_proyectos,
        n1_0.ingles,
        n1_0.lectura_critica,
        n1_0.nivel_competencias_ciudadanas,
        n1_0.nivel_comunicacion_escrita,
        n1_0.nivel_diseno_software,
        n1_0.nivel_formulacion_proyectos,
        n1_0.nivel_ingles,
        n1_0.nivel_ingles_cefr,
        n1_0.nivel_lectura_critica,
        n1_0.nivel_pensamiento_cientifico,
        n1_0.nivel_razonamiento_cuantitativo,
        n1_0.nivel_saber_pro,
        n1_0.pensamiento_cientifico,
        n1_0.publicado,
        n1_0.puntaje_global,
        n1_0.razonamiento_cuantitativo,
        n1_0.tipo_examen 
    from
        notas n1_0 
    join
        alumnos a1_0 
            on a1_0.id=n1_0.alumno_id 
    join
        facultades f1_0 
            on f1_0.id=a1_0.facultad_id 
    where
        n1_0.alumno_id=?
Hibernate: 
    select
        n1_0.id,
        n1_0.alumno_id,
        a1_0.id,
        a1_0.cedula,
        a1_0.codigo,
        a1_0.correo,
        a1_0.estado,
        a1_0.facultad_id,
        f1_0.id,
        f1_0.codigo,
        f1_0.nombre,
        a1_0.nombre,
        a1_0.programa,
        a1_0.semestre,
        n1_0.competencias_ciudadanas,
        n1_0.comunicacion_escrita,
        n1_0.diseno_software,
        n1_0.formulacion_proyectos,
        n1_0.ingles,
        n1_0.lectura_critica,
        n1_0.nivel_competencias_ciudadanas,
        n1_0.nivel_comunicacion_escrita,
        n1_0.nivel_diseno_software,
        n1_0.nivel_formulacion_proyectos,
        n1_0.nivel_ingles,
        n1_0.nivel_ingles_cefr,
        n1_0.nivel_lectura_critica,
        n1_0.nivel_pensamiento_cientifico,
        n1_0.nivel_razonamiento_cuantitativo,
        n1_0.nivel_saber_pro,
        n1_0.pensamiento_cientifico,
        n1_0.publicado,
        n1_0.puntaje_global,
        n1_0.razonamiento_cuantitativo,
        n1_0.tipo_examen 
    from
        notas n1_0 
    join
        alumnos a1_0 
            on a1_0.id=n1_0.alumno_id 
    join
        facultades f1_0 
            on f1_0.id=a1_0.facultad_id 
    where
        n1_0.alumno_id=?
Hibernate: 
    select
        n1_0.id,
        n1_0.alumno_id,
        a1_0.id,
        a1_0.cedula,
        a1_0.codigo,
        a1_0.correo,
        a1_0.estado,
        a1_0.facultad_id,
        f1_0.id,
        f1_0.codigo,
        f1_0.nombre,
        a1_0.nombre,
        a1_0.programa,
        a1_0.semestre,
        n1_0.competencias_ciudadanas,
        n1_0.comunicacion_escrita,
        n1_0.diseno_software,
        n1_0.formulacion_proyectos,
        n1_0.ingles,
        n1_0.lectura_critica,
        n1_0.nivel_competencias_ciudadanas,
        n1_0.nivel_comunicacion_escrita,
        n1_0.nivel_diseno_software,
        n1_0.nivel_formulacion_proyectos,
        n1_0.nivel_ingles,
        n1_0.nivel_ingles_cefr,
        n1_0.nivel_lectura_critica,
        n1_0.nivel_pensamiento_cientifico,
        n1_0.nivel_razonamiento_cuantitativo,
        n1_0.nivel_saber_pro,
        n1_0.pensamiento_cientifico,
        n1_0.publicado,
        n1_0.puntaje_global,
        n1_0.razonamiento_cuantitativo,
        n1_0.tipo_examen 
    from
        notas n1_0 
    join
        alumnos a1_0 
            on a1_0.id=n1_0.alumno_id 
    join
        facultades f1_0 
            on f1_0.id=a1_0.facultad_id 
    where
        n1_0.alumno_id=?
Hibernate: 
    select
        n1_0.id,
        n1_0.alumno_id,
        a1_0.id,
        a1_0.cedula,
        a1_0.codigo,
        a1_0.correo,
        a1_0.estado,
        a1_0.facultad_id,
        f1_0.id,
        f1_0.codigo,
        f1_0.nombre,
        a1_0.nombre,
        a1_0.programa,
        a1_0.semestre,
        n1_0.competencias_ciudadanas,
        n1_0.comunicacion_escrita,
        n1_0.diseno_software,
        n1_0.formulacion_proyectos,
        n1_0.ingles,
        n1_0.lectura_critica,
        n1_0.nivel_competencias_ciudadanas,
        n1_0.nivel_comunicacion_escrita,
        n1_0.nivel_diseno_software,
        n1_0.nivel_formulacion_proyectos,
        n1_0.nivel_ingles,
        n1_0.nivel_ingles_cefr,
        n1_0.nivel_lectura_critica,
        n1_0.nivel_pensamiento_cientifico,
        n1_0.nivel_razonamiento_cuantitativo,
        n1_0.nivel_saber_pro,
        n1_0.pensamiento_cientifico,
        n1_0.publicado,
        n1_0.puntaje_global,
        n1_0.razonamiento_cuantitativo,
        n1_0.tipo_examen 
    from
        notas n1_0 
    join
        alumnos a1_0 
            on a1_0.id=n1_0.alumno_id 
    join
        facultades f1_0 
            on f1_0.id=a1_0.facultad_id 
    where
        n1_0.alumno_id=?
Hibernate: 
    select
        n1_0.id,
        n1_0.alumno_id,
        a1_0.id,
        a1_0.cedula,
        a1_0.codigo,
        a1_0.correo,
        a1_0.estado,
        a1_0.facultad_id,
        f1_0.id,
        f1_0.codigo,
        f1_0.nombre,
        a1_0.nombre,
        a1_0.programa,
        a1_0.semestre,
        n1_0.competencias_ciudadanas,
        n1_0.comunicacion_escrita,
        n1_0.diseno_software,
        n1_0.formulacion_proyectos,
        n1_0.ingles,
        n1_0.lectura_critica,
        n1_0.nivel_competencias_ciudadanas,
        n1_0.nivel_comunicacion_escrita,
        n1_0.nivel_diseno_software,
        n1_0.nivel_formulacion_proyectos,
        n1_0.nivel_ingles,
        n1_0.nivel_ingles_cefr,
        n1_0.nivel_lectura_critica,
        n1_0.nivel_pensamiento_cientifico,
        n1_0.nivel_razonamiento_cuantitativo,
        n1_0.nivel_saber_pro,
        n1_0.pensamiento_cientifico,
        n1_0.publicado,
        n1_0.puntaje_global,
        n1_0.razonamiento_cuantitativo,
        n1_0.tipo_examen 
    from
        notas n1_0 
    join
        alumnos a1_0 
            on a1_0.id=n1_0.alumno_id 
    join
        facultades f1_0 
            on f1_0.id=a1_0.facultad_id 
    where
        n1_0.alumno_id=?
Hibernate: 
    select
        n1_0.id,
        n1_0.alumno_id,
        a1_0.id,
        a1_0.cedula,
        a1_0.codigo,
        a1_0.correo,
        a1_0.estado,
        a1_0.facultad_id,
        f1_0.id,
        f1_0.codigo,
        f1_0.nombre,
        a1_0.nombre,
        a1_0.programa,
        a1_0.semestre,
        n1_0.competencias_ciudadanas,
        n1_0.comunicacion_escrita,
        n1_0.diseno_software,
        n1_0.formulacion_proyectos,
        n1_0.ingles,
        n1_0.lectura_critica,
        n1_0.nivel_competencias_ciudadanas,
        n1_0.nivel_comunicacion_escrita,
        n1_0.nivel_diseno_software,
        n1_0.nivel_formulacion_proyectos,
        n1_0.nivel_ingles,
        n1_0.nivel_ingles_cefr,
        n1_0.nivel_lectura_critica,
        n1_0.nivel_pensamiento_cientifico,
        n1_0.nivel_razonamiento_cuantitativo,
        n1_0.nivel_saber_pro,
        n1_0.pensamiento_cientifico,
        n1_0.publicado,
        n1_0.puntaje_global,
        n1_0.razonamiento_cuantitativo,
        n1_0.tipo_examen 
    from
        notas n1_0 
    join
        alumnos a1_0 
            on a1_0.id=n1_0.alumno_id 
    join
        facultades f1_0 
            on f1_0.id=a1_0.facultad_id 
    where
        n1_0.alumno_id=?
Hibernate: 
    select
        n1_0.id,
        n1_0.alumno_id,
        a1_0.id,
        a1_0.cedula,
        a1_0.codigo,
        a1_0.correo,
        a1_0.estado,
        a1_0.facultad_id,
        f1_0.id,
        f1_0.codigo,
        f1_0.nombre,
        a1_0.nombre,
        a1_0.programa,
        a1_0.semestre,
        n1_0.competencias_ciudadanas,
        n1_0.comunicacion_escrita,
        n1_0.diseno_software,
        n1_0.formulacion_proyectos,
        n1_0.ingles,
        n1_0.lectura_critica,
        n1_0.nivel_competencias_ciudadanas,
        n1_0.nivel_comunicacion_escrita,
        n1_0.nivel_diseno_software,
        n1_0.nivel_formulacion_proyectos,
        n1_0.nivel_ingles,
        n1_0.nivel_ingles_cefr,
        n1_0.nivel_lectura_critica,
        n1_0.nivel_pensamiento_cientifico,
        n1_0.nivel_razonamiento_cuantitativo,
        n1_0.nivel_saber_pro,
        n1_0.pensamiento_cientifico,
        n1_0.publicado,
        n1_0.puntaje_global,
        n1_0.razonamiento_cuantitativo,
        n1_0.tipo_examen 
    from
        notas n1_0 
    join
        alumnos a1_0 
            on a1_0.id=n1_0.alumno_id 
    join
        facultades f1_0 
            on f1_0.id=a1_0.facultad_id 
    where
        n1_0.alumno_id=?
Hibernate: 
    select
        n1_0.id,
        n1_0.alumno_id,
        a1_0.id,
        a1_0.cedula,
        a1_0.codigo,
        a1_0.correo,
        a1_0.estado,
        a1_0.facultad_id,
        f1_0.id,
        f1_0.codigo,
        f1_0.nombre,
        a1_0.nombre,
        a1_0.programa,
        a1_0.semestre,
        n1_0.competencias_ciudadanas,
        n1_0.comunicacion_escrita,
        n1_0.diseno_software,
        n1_0.formulacion_proyectos,
        n1_0.ingles,
        n1_0.lectura_critica,
        n1_0.nivel_competencias_ciudadanas,
        n1_0.nivel_comunicacion_escrita,
        n1_0.nivel_diseno_software,
        n1_0.nivel_formulacion_proyectos,
        n1_0.nivel_ingles,
        n1_0.nivel_ingles_cefr,
        n1_0.nivel_lectura_critica,
        n1_0.nivel_pensamiento_cientifico,
        n1_0.nivel_razonamiento_cuantitativo,
        n1_0.nivel_saber_pro,
        n1_0.pensamiento_cientifico,
        n1_0.publicado,
        n1_0.puntaje_global,
        n1_0.razonamiento_cuantitativo,
        n1_0.tipo_examen 
    from
        notas n1_0 
    join
        alumnos a1_0 
            on a1_0.id=n1_0.alumno_id 
    join
        facultades f1_0 
            on f1_0.id=a1_0.facultad_id 
    where
        n1_0.alumno_id=?
Hibernate: 
    select
        n1_0.id,
        n1_0.alumno_id,
        a1_0.id,
        a1_0.cedula,
        a1_0.codigo,
        a1_0.correo,
        a1_0.estado,
        a1_0.facultad_id,
        f1_0.id,
        f1_0.codigo,
        f1_0.nombre,
        a1_0.nombre,
        a1_0.programa,
        a1_0.semestre,
        n1_0.competencias_ciudadanas,
        n1_0.comunicacion_escrita,
        n1_0.diseno_software,
        n1_0.formulacion_proyectos,
        n1_0.ingles,
        n1_0.lectura_critica,
        n1_0.nivel_competencias_ciudadanas,
        n1_0.nivel_comunicacion_escrita,
        n1_0.nivel_diseno_software,
        n1_0.nivel_formulacion_proyectos,
        n1_0.nivel_ingles,
        n1_0.nivel_ingles_cefr,
        n1_0.nivel_lectura_critica,
        n1_0.nivel_pensamiento_cientifico,
        n1_0.nivel_razonamiento_cuantitativo,
        n1_0.nivel_saber_pro,
        n1_0.pensamiento_cientifico,
        n1_0.publicado,
        n1_0.puntaje_global,
        n1_0.razonamiento_cuantitativo,
        n1_0.tipo_examen 
    from
        notas n1_0 
    join
        alumnos a1_0 
            on a1_0.id=n1_0.alumno_id 
    join
        facultades f1_0 
            on f1_0.id=a1_0.facultad_id 
    where
        n1_0.alumno_id=?
Hibernate: 
    select
        n1_0.id,
        n1_0.alumno_id,
        a1_0.id,
        a1_0.cedula,
        a1_0.codigo,
        a1_0.correo,
        a1_0.estado,
        a1_0.facultad_id,
        f1_0.id,
        f1_0.codigo,
        f1_0.nombre,
        a1_0.nombre,
        a1_0.programa,
        a1_0.semestre,
        n1_0.competencias_ciudadanas,
        n1_0.comunicacion_escrita,
        n1_0.diseno_software,
        n1_0.formulacion_proyectos,
        n1_0.ingles,
        n1_0.lectura_critica,
        n1_0.nivel_competencias_ciudadanas,
        n1_0.nivel_comunicacion_escrita,
        n1_0.nivel_diseno_software,
        n1_0.nivel_formulacion_proyectos,
        n1_0.nivel_ingles,
        n1_0.nivel_ingles_cefr,
        n1_0.nivel_lectura_critica,
        n1_0.nivel_pensamiento_cientifico,
        n1_0.nivel_razonamiento_cuantitativo,
        n1_0.nivel_saber_pro,
        n1_0.pensamiento_cientifico,
        n1_0.publicado,
        n1_0.puntaje_global,
        n1_0.razonamiento_cuantitativo,
        n1_0.tipo_examen 
    from
        notas n1_0 
    join
        alumnos a1_0 
            on a1_0.id=n1_0.alumno_id 
    join
        facultades f1_0 
            on f1_0.id=a1_0.facultad_id 
    where
        n1_0.alumno_id=?
Hibernate: 
    select
        n1_0.id,
        n1_0.alumno_id,
        a1_0.id,
        a1_0.cedula,
        a1_0.codigo,
        a1_0.correo,
        a1_0.estado,
        a1_0.facultad_id,
        f1_0.id,
        f1_0.codigo,
        f1_0.nombre,
        a1_0.nombre,
        a1_0.programa,
        a1_0.semestre,
        n1_0.competencias_ciudadanas,
        n1_0.comunicacion_escrita,
        n1_0.diseno_software,
        n1_0.formulacion_proyectos,
        n1_0.ingles,
        n1_0.lectura_critica,
        n1_0.nivel_competencias_ciudadanas,
        n1_0.nivel_comunicacion_escrita,
        n1_0.nivel_diseno_software,
        n1_0.nivel_formulacion_proyectos,
        n1_0.nivel_ingles,
        n1_0.nivel_ingles_cefr,
        n1_0.nivel_lectura_critica,
        n1_0.nivel_pensamiento_cientifico,
        n1_0.nivel_razonamiento_cuantitativo,
        n1_0.nivel_saber_pro,
        n1_0.pensamiento_cientifico,
        n1_0.publicado,
        n1_0.puntaje_global,
        n1_0.razonamiento_cuantitativo,
        n1_0.tipo_examen 
    from
        notas n1_0 
    join
        alumnos a1_0 
            on a1_0.id=n1_0.alumno_id 
    join
        facultades f1_0 
            on f1_0.id=a1_0.facultad_id 
    where
        n1_0.alumno_id=?
Hibernate: 
    select
        n1_0.id,
        n1_0.alumno_id,
        a1_0.id,
        a1_0.cedula,
        a1_0.codigo,
        a1_0.correo,
        a1_0.estado,
        a1_0.facultad_id,
        f1_0.id,
        f1_0.codigo,
        f1_0.nombre,
        a1_0.nombre,
        a1_0.programa,
        a1_0.semestre,
        n1_0.competencias_ciudadanas,
        n1_0.comunicacion_escrita,
        n1_0.diseno_software,
        n1_0.formulacion_proyectos,
        n1_0.ingles,
        n1_0.lectura_critica,
        n1_0.nivel_competencias_ciudadanas,
        n1_0.nivel_comunicacion_escrita,
        n1_0.nivel_diseno_software,
        n1_0.nivel_formulacion_proyectos,
        n1_0.nivel_ingles,
        n1_0.nivel_ingles_cefr,
        n1_0.nivel_lectura_critica,
        n1_0.nivel_pensamiento_cientifico,
        n1_0.nivel_razonamiento_cuantitativo,
        n1_0.nivel_saber_pro,
        n1_0.pensamiento_cientifico,
        n1_0.publicado,
        n1_0.puntaje_global,
        n1_0.razonamiento_cuantitativo,
        n1_0.tipo_examen 
    from
        notas n1_0 
    join
        alumnos a1_0 
            on a1_0.id=n1_0.alumno_id 
    join
        facultades f1_0 
            on f1_0.id=a1_0.facultad_id 
    where
        n1_0.alumno_id=?
Hibernate: 
    select
        n1_0.id,
        n1_0.alumno_id,
        a1_0.id,
        a1_0.cedula,
        a1_0.codigo,
        a1_0.correo,
        a1_0.estado,
        a1_0.facultad_id,
        f1_0.id,
        f1_0.codigo,
        f1_0.nombre,
        a1_0.nombre,
        a1_0.programa,
        a1_0.semestre,
        n1_0.competencias_ciudadanas,
        n1_0.comunicacion_escrita,
        n1_0.diseno_software,
        n1_0.formulacion_proyectos,
        n1_0.ingles,
        n1_0.lectura_critica,
        n1_0.nivel_competencias_ciudadanas,
        n1_0.nivel_comunicacion_escrita,
        n1_0.nivel_diseno_software,
        n1_0.nivel_formulacion_proyectos,
        n1_0.nivel_ingles,
        n1_0.nivel_ingles_cefr,
        n1_0.nivel_lectura_critica,
        n1_0.nivel_pensamiento_cientifico,
        n1_0.nivel_razonamiento_cuantitativo,
        n1_0.nivel_saber_pro,
        n1_0.pensamiento_cientifico,
        n1_0.publicado,
        n1_0.puntaje_global,
        n1_0.razonamiento_cuantitativo,
        n1_0.tipo_examen 
    from
        notas n1_0 
    join
        alumnos a1_0 
            on a1_0.id=n1_0.alumno_id 
    join
        facultades f1_0 
            on f1_0.id=a1_0.facultad_id 
    where
        n1_0.alumno_id=?
Hibernate: 
    select
        n1_0.id,
        n1_0.alumno_id,
        a1_0.id,
        a1_0.cedula,
        a1_0.codigo,
        a1_0.correo,
        a1_0.estado,
        a1_0.facultad_id,
        f1_0.id,
        f1_0.codigo,
        f1_0.nombre,
        a1_0.nombre,
        a1_0.programa,
        a1_0.semestre,
        n1_0.competencias_ciudadanas,
        n1_0.comunicacion_escrita,
        n1_0.diseno_software,
        n1_0.formulacion_proyectos,
        n1_0.ingles,
        n1_0.lectura_critica,
        n1_0.nivel_competencias_ciudadanas,
        n1_0.nivel_comunicacion_escrita,
        n1_0.nivel_diseno_software,
        n1_0.nivel_formulacion_proyectos,
        n1_0.nivel_ingles,
        n1_0.nivel_ingles_cefr,
        n1_0.nivel_lectura_critica,
        n1_0.nivel_pensamiento_cientifico,
        n1_0.nivel_razonamiento_cuantitativo,
        n1_0.nivel_saber_pro,
        n1_0.pensamiento_cientifico,
        n1_0.publicado,
        n1_0.puntaje_global,
        n1_0.razonamiento_cuantitativo,
        n1_0.tipo_examen 
    from
        notas n1_0 
    join
        alumnos a1_0 
            on a1_0.id=n1_0.alumno_id 
    join
        facultades f1_0 
            on f1_0.id=a1_0.facultad_id 
    where
        n1_0.alumno_id=?
Hibernate: 
    select
        n1_0.id,
        n1_0.alumno_id,
        a1_0.id,
        a1_0.cedula,
        a1_0.codigo,
        a1_0.correo,
        a1_0.estado,
        a1_0.facultad_id,
        f1_0.id,
        f1_0.codigo,
        f1_0.nombre,
        a1_0.nombre,
        a1_0.programa,
        a1_0.semestre,
        n1_0.competencias_ciudadanas,
        n1_0.comunicacion_escrita,
        n1_0.diseno_software,
        n1_0.formulacion_proyectos,
        n1_0.ingles,
        n1_0.lectura_critica,
        n1_0.nivel_competencias_ciudadanas,
        n1_0.nivel_comunicacion_escrita,
        n1_0.nivel_diseno_software,
        n1_0.nivel_formulacion_proyectos,
        n1_0.nivel_ingles,
        n1_0.nivel_ingles_cefr,
        n1_0.nivel_lectura_critica,
        n1_0.nivel_pensamiento_cientifico,
        n1_0.nivel_razonamiento_cuantitativo,
        n1_0.nivel_saber_pro,
        n1_0.pensamiento_cientifico,
        n1_0.publicado,
        n1_0.puntaje_global,
        n1_0.razonamiento_cuantitativo,
        n1_0.tipo_examen 
    from
        notas n1_0 
    join
        alumnos a1_0 
            on a1_0.id=n1_0.alumno_id 
    join
        facultades f1_0 
            on f1_0.id=a1_0.facultad_id 
    where
        n1_0.alumno_id=?
Hibernate: 
    select
        n1_0.id,
        n1_0.alumno_id,
        a1_0.id,
        a1_0.cedula,
        a1_0.codigo,
        a1_0.correo,
        a1_0.estado,
        a1_0.facultad_id,
        f1_0.id,
        f1_0.codigo,
        f1_0.nombre,
        a1_0.nombre,
        a1_0.programa,
        a1_0.semestre,
        n1_0.competencias_ciudadanas,
        n1_0.comunicacion_escrita,
        n1_0.diseno_software,
        n1_0.formulacion_proyectos,
        n1_0.ingles,
        n1_0.lectura_critica,
        n1_0.nivel_competencias_ciudadanas,
        n1_0.nivel_comunicacion_escrita,
        n1_0.nivel_diseno_software,
        n1_0.nivel_formulacion_proyectos,
        n1_0.nivel_ingles,
        n1_0.nivel_ingles_cefr,
        n1_0.nivel_lectura_critica,
        n1_0.nivel_pensamiento_cientifico,
        n1_0.nivel_razonamiento_cuantitativo,
        n1_0.nivel_saber_pro,
        n1_0.pensamiento_cientifico,
        n1_0.publicado,
        n1_0.puntaje_global,
        n1_0.razonamiento_cuantitativo,
        n1_0.tipo_examen 
    from
        notas n1_0 
    join
        alumnos a1_0 
            on a1_0.id=n1_0.alumno_id 
    join
        facultades f1_0 
            on f1_0.id=a1_0.facultad_id 
    where
        n1_0.alumno_id=?
Hibernate: 
    select
        n1_0.id,
        n1_0.alumno_id,
        a1_0.id,
        a1_0.cedula,
        a1_0.codigo,
        a1_0.correo,
        a1_0.estado,
        a1_0.facultad_id,
        f1_0.id,
        f1_0.codigo,
        f1_0.nombre,
        a1_0.nombre,
        a1_0.programa,
        a1_0.semestre,
        n1_0.competencias_ciudadanas,
        n1_0.comunicacion_escrita,
        n1_0.diseno_software,
        n1_0.formulacion_proyectos,
        n1_0.ingles,
        n1_0.lectura_critica,
        n1_0.nivel_competencias_ciudadanas,
        n1_0.nivel_comunicacion_escrita,
        n1_0.nivel_diseno_software,
        n1_0.nivel_formulacion_proyectos,
        n1_0.nivel_ingles,
        n1_0.nivel_ingles_cefr,
        n1_0.nivel_lectura_critica,
        n1_0.nivel_pensamiento_cientifico,
        n1_0.nivel_razonamiento_cuantitativo,
        n1_0.nivel_saber_pro,
        n1_0.pensamiento_cientifico,
        n1_0.publicado,
        n1_0.puntaje_global,
        n1_0.razonamiento_cuantitativo,
        n1_0.tipo_examen 
    from
        notas n1_0 
    join
        alumnos a1_0 
            on a1_0.id=n1_0.alumno_id 
    join
        facultades f1_0 
            on f1_0.id=a1_0.facultad_id 
    where
        n1_0.alumno_id=?
Hibernate: 
    select
        n1_0.id,
        n1_0.alumno_id,
        a1_0.id,
        a1_0.cedula,
        a1_0.codigo,
        a1_0.correo,
        a1_0.estado,
        a1_0.facultad_id,
        f1_0.id,
        f1_0.codigo,
        f1_0.nombre,
        a1_0.nombre,
        a1_0.programa,
        a1_0.semestre,
        n1_0.competencias_ciudadanas,
        n1_0.comunicacion_escrita,
        n1_0.diseno_software,
        n1_0.formulacion_proyectos,
        n1_0.ingles,
        n1_0.lectura_critica,
        n1_0.nivel_competencias_ciudadanas,
        n1_0.nivel_comunicacion_escrita,
        n1_0.nivel_diseno_software,
        n1_0.nivel_formulacion_proyectos,
        n1_0.nivel_ingles,
        n1_0.nivel_ingles_cefr,
        n1_0.nivel_lectura_critica,
        n1_0.nivel_pensamiento_cientifico,
        n1_0.nivel_razonamiento_cuantitativo,
        n1_0.nivel_saber_pro,
        n1_0.pensamiento_cientifico,
        n1_0.publicado,
        n1_0.puntaje_global,
        n1_0.razonamiento_cuantitativo,
        n1_0.tipo_examen 
    from
        notas n1_0 
    join
        alumnos a1_0 
            on a1_0.id=n1_0.alumno_id 
    join
        facultades f1_0 
            on f1_0.id=a1_0.facultad_id 
    where
        n1_0.alumno_id=?
Hibernate: 
    select
        n1_0.id,
        n1_0.alumno_id,
        a1_0.id,
        a1_0.cedula,
        a1_0.codigo,
        a1_0.correo,
        a1_0.estado,
        a1_0.facultad_id,
        f1_0.id,
        f1_0.codigo,
        f1_0.nombre,
        a1_0.nombre,
        a1_0.programa,
        a1_0.semestre,
        n1_0.competencias_ciudadanas,
        n1_0.comunicacion_escrita,
        n1_0.diseno_software,
        n1_0.formulacion_proyectos,
        n1_0.ingles,
        n1_0.lectura_critica,
        n1_0.nivel_competencias_ciudadanas,
        n1_0.nivel_comunicacion_escrita,
        n1_0.nivel_diseno_software,
        n1_0.nivel_formulacion_proyectos,
        n1_0.nivel_ingles,
        n1_0.nivel_ingles_cefr,
        n1_0.nivel_lectura_critica,
        n1_0.nivel_pensamiento_cientifico,
        n1_0.nivel_razonamiento_cuantitativo,
        n1_0.nivel_saber_pro,
        n1_0.pensamiento_cientifico,
        n1_0.publicado,
        n1_0.puntaje_global,
        n1_0.razonamiento_cuantitativo,
        n1_0.tipo_examen 
    from
        notas n1_0 
    join
        alumnos a1_0 
            on a1_0.id=n1_0.alumno_id 
    join
        facultades f1_0 
            on f1_0.id=a1_0.facultad_id 
    where
        n1_0.alumno_id=?
Hibernate: 
    select
        n1_0.id,
        n1_0.alumno_id,
        a1_0.id,
        a1_0.cedula,
        a1_0.codigo,
        a1_0.correo,
        a1_0.estado,
        a1_0.facultad_id,
        f1_0.id,
        f1_0.codigo,
        f1_0.nombre,
        a1_0.nombre,
        a1_0.programa,
        a1_0.semestre,
        n1_0.competencias_ciudadanas,
        n1_0.comunicacion_escrita,
        n1_0.diseno_software,
        n1_0.formulacion_proyectos,
        n1_0.ingles,
        n1_0.lectura_critica,
        n1_0.nivel_competencias_ciudadanas,
        n1_0.nivel_comunicacion_escrita,
        n1_0.nivel_diseno_software,
        n1_0.nivel_formulacion_proyectos,
        n1_0.nivel_ingles,
        n1_0.nivel_ingles_cefr,
        n1_0.nivel_lectura_critica,
        n1_0.nivel_pensamiento_cientifico,
        n1_0.nivel_razonamiento_cuantitativo,
        n1_0.nivel_saber_pro,
        n1_0.pensamiento_cientifico,
        n1_0.publicado,
        n1_0.puntaje_global,
        n1_0.razonamiento_cuantitativo,
        n1_0.tipo_examen 
    from
        notas n1_0 
    join
        alumnos a1_0 
            on a1_0.id=n1_0.alumno_id 
    join
        facultades f1_0 
            on f1_0.id=a1_0.facultad_id 
    where
        n1_0.alumno_id=?
Hibernate: 
    select
        n1_0.id,
        n1_0.alumno_id,
        a1_0.id,
        a1_0.cedula,
        a1_0.codigo,
        a1_0.correo,
        a1_0.estado,
        a1_0.facultad_id,
        f1_0.id,
        f1_0.codigo,
        f1_0.nombre,
        a1_0.nombre,
        a1_0.programa,
        a1_0.semestre,
        n1_0.competencias_ciudadanas,
        n1_0.comunicacion_escrita,
        n1_0.diseno_software,
        n1_0.formulacion_proyectos,
        n1_0.ingles,
        n1_0.lectura_critica,
        n1_0.nivel_competencias_ciudadanas,
        n1_0.nivel_comunicacion_escrita,
        n1_0.nivel_diseno_software,
        n1_0.nivel_formulacion_proyectos,
        n1_0.nivel_ingles,
        n1_0.nivel_ingles_cefr,
        n1_0.nivel_lectura_critica,
        n1_0.nivel_pensamiento_cientifico,
        n1_0.nivel_razonamiento_cuantitativo,
        n1_0.nivel_saber_pro,
        n1_0.pensamiento_cientifico,
        n1_0.publicado,
        n1_0.puntaje_global,
        n1_0.razonamiento_cuantitativo,
        n1_0.tipo_examen 
    from
        notas n1_0 
    join
        alumnos a1_0 
            on a1_0.id=n1_0.alumno_id 
    join
        facultades f1_0 
            on f1_0.id=a1_0.facultad_id 
    where
        n1_0.alumno_id=?
Hibernate: 
    select
        n1_0.id,
        n1_0.alumno_id,
        a1_0.id,
        a1_0.cedula,
        a1_0.codigo,
        a1_0.correo,
        a1_0.estado,
        a1_0.facultad_id,
        f1_0.id,
        f1_0.codigo,
        f1_0.nombre,
        a1_0.nombre,
        a1_0.programa,
        a1_0.semestre,
        n1_0.competencias_ciudadanas,
        n1_0.comunicacion_escrita,
        n1_0.diseno_software,
        n1_0.formulacion_proyectos,
        n1_0.ingles,
        n1_0.lectura_critica,
        n1_0.nivel_competencias_ciudadanas,
        n1_0.nivel_comunicacion_escrita,
        n1_0.nivel_diseno_software,
        n1_0.nivel_formulacion_proyectos,
        n1_0.nivel_ingles,
        n1_0.nivel_ingles_cefr,
        n1_0.nivel_lectura_critica,
        n1_0.nivel_pensamiento_cientifico,
        n1_0.nivel_razonamiento_cuantitativo,
        n1_0.nivel_saber_pro,
        n1_0.pensamiento_cientifico,
        n1_0.publicado,
        n1_0.puntaje_global,
        n1_0.razonamiento_cuantitativo,
        n1_0.tipo_examen 
    from
        notas n1_0 
    join
        alumnos a1_0 
            on a1_0.id=n1_0.alumno_id 
    join
        facultades f1_0 
            on f1_0.id=a1_0.facultad_id 
    where
        n1_0.alumno_id=?
Hibernate: 
    select
        n1_0.id,
        n1_0.alumno_id,
        a1_0.id,
        a1_0.cedula,
        a1_0.codigo,
        a1_0.correo,
        a1_0.estado,
        a1_0.facultad_id,
        f1_0.id,
        f1_0.codigo,
        f1_0.nombre,
        a1_0.nombre,
        a1_0.programa,
        a1_0.semestre,
        n1_0.competencias_ciudadanas,
        n1_0.comunicacion_escrita,
        n1_0.diseno_software,
        n1_0.formulacion_proyectos,
        n1_0.ingles,
        n1_0.lectura_critica,
        n1_0.nivel_competencias_ciudadanas,
        n1_0.nivel_comunicacion_escrita,
        n1_0.nivel_diseno_software,
        n1_0.nivel_formulacion_proyectos,
        n1_0.nivel_ingles,
        n1_0.nivel_ingles_cefr,
        n1_0.nivel_lectura_critica,
        n1_0.nivel_pensamiento_cientifico,
        n1_0.nivel_razonamiento_cuantitativo,
        n1_0.nivel_saber_pro,
        n1_0.pensamiento_cientifico,
        n1_0.publicado,
        n1_0.puntaje_global,
        n1_0.razonamiento_cuantitativo,
        n1_0.tipo_examen 
    from
        notas n1_0 
    join
        alumnos a1_0 
            on a1_0.id=n1_0.alumno_id 
    join
        facultades f1_0 
            on f1_0.id=a1_0.facultad_id 
    where
        n1_0.alumno_id=?
Hibernate: 
    select
        n1_0.id,
        n1_0.alumno_id,
        a1_0.id,
        a1_0.cedula,
        a1_0.codigo,
        a1_0.correo,
        a1_0.estado,
        a1_0.facultad_id,
        f1_0.id,
        f1_0.codigo,
        f1_0.nombre,
        a1_0.nombre,
        a1_0.programa,
        a1_0.semestre,
        n1_0.competencias_ciudadanas,
        n1_0.comunicacion_escrita,
        n1_0.diseno_software,
        n1_0.formulacion_proyectos,
        n1_0.ingles,
        n1_0.lectura_critica,
        n1_0.nivel_competencias_ciudadanas,
        n1_0.nivel_comunicacion_escrita,
        n1_0.nivel_diseno_software,
        n1_0.nivel_formulacion_proyectos,
        n1_0.nivel_ingles,
        n1_0.nivel_ingles_cefr,
        n1_0.nivel_lectura_critica,
        n1_0.nivel_pensamiento_cientifico,
        n1_0.nivel_razonamiento_cuantitativo,
        n1_0.nivel_saber_pro,
        n1_0.pensamiento_cientifico,
        n1_0.publicado,
        n1_0.puntaje_global,
        n1_0.razonamiento_cuantitativo,
        n1_0.tipo_examen 
    from
        notas n1_0 
    join
        alumnos a1_0 
            on a1_0.id=n1_0.alumno_id 
    join
        facultades f1_0 
            on f1_0.id=a1_0.facultad_id 
    where
        n1_0.alumno_id=?
Hibernate: 
    select
        n1_0.id,
        n1_0.alumno_id,
        a1_0.id,
        a1_0.cedula,
        a1_0.codigo,
        a1_0.correo,
        a1_0.estado,
        a1_0.facultad_id,
        f1_0.id,
        f1_0.codigo,
        f1_0.nombre,
        a1_0.nombre,
        a1_0.programa,
        a1_0.semestre,
        n1_0.competencias_ciudadanas,
        n1_0.comunicacion_escrita,
        n1_0.diseno_software,
        n1_0.formulacion_proyectos,
        n1_0.ingles,
        n1_0.lectura_critica,
        n1_0.nivel_competencias_ciudadanas,
        n1_0.nivel_comunicacion_escrita,
        n1_0.nivel_diseno_software,
        n1_0.nivel_formulacion_proyectos,
        n1_0.nivel_ingles,
        n1_0.nivel_ingles_cefr,
        n1_0.nivel_lectura_critica,
        n1_0.nivel_pensamiento_cientifico,
        n1_0.nivel_razonamiento_cuantitativo,
        n1_0.nivel_saber_pro,
        n1_0.pensamiento_cientifico,
        n1_0.publicado,
        n1_0.puntaje_global,
        n1_0.razonamiento_cuantitativo,
        n1_0.tipo_examen 
    from
        notas n1_0 
    join
        alumnos a1_0 
            on a1_0.id=n1_0.alumno_id 
    join
        facultades f1_0 
            on f1_0.id=a1_0.facultad_id 
    where
        n1_0.alumno_id=?
Hibernate: 
    select
        n1_0.id,
        n1_0.alumno_id,
        a1_0.id,
        a1_0.cedula,
        a1_0.codigo,
        a1_0.correo,
        a1_0.estado,
        a1_0.facultad_id,
        f1_0.id,
        f1_0.codigo,
        f1_0.nombre,
        a1_0.nombre,
        a1_0.programa,
        a1_0.semestre,
        n1_0.competencias_ciudadanas,
        n1_0.comunicacion_escrita,
        n1_0.diseno_software,
        n1_0.formulacion_proyectos,
        n1_0.ingles,
        n1_0.lectura_critica,
        n1_0.nivel_competencias_ciudadanas,
        n1_0.nivel_comunicacion_escrita,
        n1_0.nivel_diseno_software,
        n1_0.nivel_formulacion_proyectos,
        n1_0.nivel_ingles,
        n1_0.nivel_ingles_cefr,
        n1_0.nivel_lectura_critica,
        n1_0.nivel_pensamiento_cientifico,
        n1_0.nivel_razonamiento_cuantitativo,
        n1_0.nivel_saber_pro,
        n1_0.pensamiento_cientifico,
        n1_0.publicado,
        n1_0.puntaje_global,
        n1_0.razonamiento_cuantitativo,
        n1_0.tipo_examen 
    from
        notas n1_0 
    join
        alumnos a1_0 
            on a1_0.id=n1_0.alumno_id 
    join
        facultades f1_0 
            on f1_0.id=a1_0.facultad_id 
    where
        n1_0.alumno_id=?
Hibernate: 
    select
        n1_0.id,
        n1_0.alumno_id,
        a1_0.id,
        a1_0.cedula,
        a1_0.codigo,
        a1_0.correo,
        a1_0.estado,
        a1_0.facultad_id,
        f1_0.id,
        f1_0.codigo,
        f1_0.nombre,
        a1_0.nombre,
        a1_0.programa,
        a1_0.semestre,
        n1_0.competencias_ciudadanas,
        n1_0.comunicacion_escrita,
        n1_0.diseno_software,
        n1_0.formulacion_proyectos,
        n1_0.ingles,
        n1_0.lectura_critica,
        n1_0.nivel_competencias_ciudadanas,
        n1_0.nivel_comunicacion_escrita,
        n1_0.nivel_diseno_software,
        n1_0.nivel_formulacion_proyectos,
        n1_0.nivel_ingles,
        n1_0.nivel_ingles_cefr,
        n1_0.nivel_lectura_critica,
        n1_0.nivel_pensamiento_cientifico,
        n1_0.nivel_razonamiento_cuantitativo,
        n1_0.nivel_saber_pro,
        n1_0.pensamiento_cientifico,
        n1_0.publicado,
        n1_0.puntaje_global,
        n1_0.razonamiento_cuantitativo,
        n1_0.tipo_examen 
    from
        notas n1_0 
    join
        alumnos a1_0 
            on a1_0.id=n1_0.alumno_id 
    join
        facultades f1_0 
            on f1_0.id=a1_0.facultad_id 
    where
        n1_0.alumno_id=?
Hibernate: 
    select
        n1_0.id,
        n1_0.alumno_id,
        a1_0.id,
        a1_0.cedula,
        a1_0.codigo,
        a1_0.correo,
        a1_0.estado,
        a1_0.facultad_id,
        f1_0.id,
        f1_0.codigo,
        f1_0.nombre,
        a1_0.nombre,
        a1_0.programa,
        a1_0.semestre,
        n1_0.competencias_ciudadanas,
        n1_0.comunicacion_escrita,
        n1_0.diseno_software,
        n1_0.formulacion_proyectos,
        n1_0.ingles,
        n1_0.lectura_critica,
        n1_0.nivel_competencias_ciudadanas,
        n1_0.nivel_comunicacion_escrita,
        n1_0.nivel_diseno_software,
        n1_0.nivel_formulacion_proyectos,
        n1_0.nivel_ingles,
        n1_0.nivel_ingles_cefr,
        n1_0.nivel_lectura_critica,
        n1_0.nivel_pensamiento_cientifico,
        n1_0.nivel_razonamiento_cuantitativo,
        n1_0.nivel_saber_pro,
        n1_0.pensamiento_cientifico,
        n1_0.publicado,
        n1_0.puntaje_global,
        n1_0.razonamiento_cuantitativo,
        n1_0.tipo_examen 
    from
        notas n1_0 
    join
        alumnos a1_0 
            on a1_0.id=n1_0.alumno_id 
    join
        facultades f1_0 
            on f1_0.id=a1_0.facultad_id 
    where
        n1_0.alumno_id=?
Hibernate: 
    select
        n1_0.id,
        n1_0.alumno_id,
        a1_0.id,
        a1_0.cedula,
        a1_0.codigo,
        a1_0.correo,
        a1_0.estado,
        a1_0.facultad_id,
        f1_0.id,
        f1_0.codigo,
        f1_0.nombre,
        a1_0.nombre,
        a1_0.programa,
        a1_0.semestre,
        n1_0.competencias_ciudadanas,
        n1_0.comunicacion_escrita,
        n1_0.diseno_software,
        n1_0.formulacion_proyectos,
        n1_0.ingles,
        n1_0.lectura_critica,
        n1_0.nivel_competencias_ciudadanas,
        n1_0.nivel_comunicacion_escrita,
        n1_0.nivel_diseno_software,
        n1_0.nivel_formulacion_proyectos,
        n1_0.nivel_ingles,
        n1_0.nivel_ingles_cefr,
        n1_0.nivel_lectura_critica,
        n1_0.nivel_pensamiento_cientifico,
        n1_0.nivel_razonamiento_cuantitativo,
        n1_0.nivel_saber_pro,
        n1_0.pensamiento_cientifico,
        n1_0.publicado,
        n1_0.puntaje_global,
        n1_0.razonamiento_cuantitativo,
        n1_0.tipo_examen 
    from
        notas n1_0 
    join
        alumnos a1_0 
            on a1_0.id=n1_0.alumno_id 
    join
        facultades f1_0 
            on f1_0.id=a1_0.facultad_id 
    where
        n1_0.alumno_id=?
Hibernate: 
    select
        n1_0.id,
        n1_0.alumno_id,
        a1_0.id,
        a1_0.cedula,
        a1_0.codigo,
        a1_0.correo,
        a1_0.estado,
        a1_0.facultad_id,
        f1_0.id,
        f1_0.codigo,
        f1_0.nombre,
        a1_0.nombre,
        a1_0.programa,
        a1_0.semestre,
        n1_0.competencias_ciudadanas,
        n1_0.comunicacion_escrita,
        n1_0.diseno_software,
        n1_0.formulacion_proyectos,
        n1_0.ingles,
        n1_0.lectura_critica,
        n1_0.nivel_competencias_ciudadanas,
        n1_0.nivel_comunicacion_escrita,
        n1_0.nivel_diseno_software,
        n1_0.nivel_formulacion_proyectos,
        n1_0.nivel_ingles,
        n1_0.nivel_ingles_cefr,
        n1_0.nivel_lectura_critica,
        n1_0.nivel_pensamiento_cientifico,
        n1_0.nivel_razonamiento_cuantitativo,
        n1_0.nivel_saber_pro,
        n1_0.pensamiento_cientifico,
        n1_0.publicado,
        n1_0.puntaje_global,
        n1_0.razonamiento_cuantitativo,
        n1_0.tipo_examen 
    from
        notas n1_0 
    join
        alumnos a1_0 
            on a1_0.id=n1_0.alumno_id 
    join
        facultades f1_0 
            on f1_0.id=a1_0.facultad_id 
    where
        n1_0.alumno_id=?
TESTING GET /estudiante/resultados AS USER: EK20183007722
Hibernate: 
    select
        a1_0.id,
        a1_0.cedula,
        a1_0.codigo,
        a1_0.correo,
        a1_0.estado,
        a1_0.facultad_id,
        a1_0.nombre,
        a1_0.programa,
        a1_0.semestre 
    from
        alumnos a1_0 
    where
        a1_0.codigo=?
Hibernate: 
    select
        f1_0.id,
        f1_0.codigo,
        f1_0.nombre 
    from
        facultades f1_0 
    where
        f1_0.id=?
Hibernate: 
    select
        n1_0.id,
        n1_0.alumno_id,
        a1_0.id,
        a1_0.cedula,
        a1_0.codigo,
        a1_0.correo,
        a1_0.estado,
        a1_0.facultad_id,
        f1_0.id,
        f1_0.codigo,
        f1_0.nombre,
        a1_0.nombre,
        a1_0.programa,
        a1_0.semestre,
        n1_0.competencias_ciudadanas,
        n1_0.comunicacion_escrita,
        n1_0.diseno_software,
        n1_0.formulacion_proyectos,
        n1_0.ingles,
        n1_0.lectura_critica,
        n1_0.nivel_competencias_ciudadanas,
        n1_0.nivel_comunicacion_escrita,
        n1_0.nivel_diseno_software,
        n1_0.nivel_formulacion_proyectos,
        n1_0.nivel_ingles,
        n1_0.nivel_ingles_cefr,
        n1_0.nivel_lectura_critica,
        n1_0.nivel_pensamiento_cientifico,
        n1_0.nivel_razonamiento_cuantitativo,
        n1_0.nivel_saber_pro,
        n1_0.pensamiento_cientifico,
        n1_0.publicado,
        n1_0.puntaje_global,
        n1_0.razonamiento_cuantitativo,
        n1_0.tipo_examen 
    from
        notas n1_0 
    join
        alumnos a1_0 
            on a1_0.id=n1_0.alumno_id 
    join
        facultades f1_0 
            on f1_0.id=a1_0.facultad_id 
    where
        n1_0.alumno_id=?
Hibernate: 
    select
        n1_0.id,
        n1_0.alumno_id,
        n1_0.competencias_ciudadanas,
        n1_0.comunicacion_escrita,
        n1_0.diseno_software,
        n1_0.formulacion_proyectos,
        n1_0.ingles,
        n1_0.lectura_critica,
        n1_0.nivel_competencias_ciudadanas,
        n1_0.nivel_comunicacion_escrita,
        n1_0.nivel_diseno_software,
        n1_0.nivel_formulacion_proyectos,
        n1_0.nivel_ingles,
        n1_0.nivel_ingles_cefr,
        n1_0.nivel_lectura_critica,
        n1_0.nivel_pensamiento_cientifico,
        n1_0.nivel_razonamiento_cuantitativo,
        n1_0.nivel_saber_pro,
        n1_0.pensamiento_cientifico,
        n1_0.publicado,
        n1_0.puntaje_global,
        n1_0.razonamiento_cuantitativo,
        n1_0.tipo_examen 
    from
        notas n1_0 
    left join
        alumnos a1_0 
            on a1_0.id=n1_0.alumno_id 
    where
        a1_0.id=?
SUCCESSFULLY PERFORMED GET /estudiante/resultados
]]></system-out>
    <system-err><![CDATA[Mockito is currently self-attaching to enable the inline-mock-maker. This will no longer work in future releases of the JDK. Please add Mockito as an agent to your build what is described in Mockito's documentation: https://javadoc.io/doc/org.mockito/mockito-core/latest/org/mockito/Mockito.html#0.3
WARNING: A Java agent has been loaded dynamically (C:\Users\sanch\.m2\repository\net\bytebuddy\byte-buddy-agent\1.15.11\byte-buddy-agent-1.15.11.jar)
WARNING: If a serviceability tool is in use, please run with -XX:+EnableDynamicAgentLoading to hide this warning
WARNING: If a serviceability tool is not in use, please run with -Djdk.instrument.traceUsage for more information
WARNING: Dynamic loading of agents will be disallowed by default in a future release
]]></system-err>
  </testcase>
  <testcase name="contextLoads" classname="com.saberpro.SaberproApplicationTests" time="0.008">
    <system-out><![CDATA[2026-06-11T19:38:53.550-05:00  INFO 10688 --- [Saber Pro] [           main] o.s.b.t.m.w.SpringBootMockServletContext : Initializing Spring TestDispatcherServlet ''
2026-06-11T19:38:53.550-05:00  INFO 10688 --- [Saber Pro] [           main] o.s.t.web.servlet.TestDispatcherServlet  : Initializing Servlet ''
2026-06-11T19:38:53.552-05:00  INFO 10688 --- [Saber Pro] [           main] o.s.t.web.servlet.TestDispatcherServlet  : Completed initialization in 2 ms
]]></system-out>
  </testcase>
</testsuite>